<?xml version="1.0" encoding="UTF-8"?>
<testng-results ignored="0" total="1" passed="1" failed="0" skipped="0">
  <reporter-output>
  </reporter-output>
  <suite started-at="2024-06-02T22:39:22 EEST" name="Default suite" finished-at="2024-06-02T22:39:35 EEST" duration-ms="12367">
    <groups>
    </groups>
    <test started-at="2024-06-02T22:39:22 EEST" name="Default test" finished-at="2024-06-02T22:39:35 EEST" duration-ms="12367">
      <class name="tests.TheWickedKingTest">
        <test-method is-config="true" signature="setup()[pri:0, instance:tests.TheWickedKingTest@6adbc9d]" started-at="2024-06-02T22:39:22 EEST" name="setup" finished-at="2024-06-02T22:39:26 EEST" duration-ms="3232" status="PASS">
          <reporter-output>
          </reporter-output>
        </test-method> <!-- setup -->
        <test-method signature="checkTextAndpictures()[pri:1, instance:tests.TheWickedKingTest@6adbc9d]" started-at="2024-06-02T22:39:26 EEST" name="checkTextAndpictures" finished-at="2024-06-02T22:39:30 EEST" duration-ms="3988" status="PASS">
          <reporter-output>
          </reporter-output>
        </test-method> <!-- checkTextAndpictures -->
        <test-method is-config="true" signature="tearDown()[pri:0, instance:tests.TheWickedKingTest@6adbc9d]" started-at="2024-06-02T22:39:30 EEST" name="tearDown" finished-at="2024-06-02T22:39:35 EEST" duration-ms="5130" status="PASS">
          <reporter-output>
          </reporter-output>
        </test-method> <!-- tearDown -->
      </class> <!-- tests.TheWickedKingTest -->
    </test> <!-- Default test -->
  </suite> <!-- Default suite -->
</testng-results>
